23-02-2023 08:58 PM: F:\desarrollo\srt-nuevo\srt.sutran.gob.pe\core/db.log
INI TRANSACTION =>
23-02-2023 09:00 PM: F:\desarrollo\srt-nuevo\srt.sutran.gob.pe\core/db.log
INI TRANSACTION =>
23-02-2023 09:02 PM: F:\desarrollo\srt-nuevo\srt.sutran.gob.pe\core/db.log
INI TRANSACTION =>
23-02-2023 09:02 PM: F:\desarrollo\srt-nuevo\srt.sutran.gob.pe\core/db.log
INI TRANSACTION =>
23-02-2023 09:03 PM: F:\desarrollo\srt-nuevo\srt.sutran.gob.pe\core/db.log
INI TRANSACTION =>
23-02-2023 09:06 PM: F:\desarrollo\srt-nuevo\srt.sutran.gob.pe\core/db.log
INI TRANSACTION =>
23-02-2023 09:08 PM: F:\desarrollo\srt-nuevo\srt.sutran.gob.pe\core/db.log
INI TRANSACTION =>
23-02-2023 09:08 PM: F:\desarrollo\srt-nuevo\srt.sutran.gob.pe\core/db.log
 <= END TRANSACTION: COMMIT
23-02-2023 09:08 PM: F:\desarrollo\srt-nuevo\srt.sutran.gob.pe\core/db.log
INI TRANSACTION =>
23-02-2023 09:08 PM: F:\desarrollo\srt-nuevo\srt.sutran.gob.pe\core/db.log
 <= END TRANSACTION: COMMIT
23-02-2023 09:09 PM: F:\desarrollo\srt-nuevo\srt.sutran.gob.pe\core/db.log
INI TRANSACTION =>
23-02-2023 09:09 PM: F:\desarrollo\srt-nuevo\srt.sutran.gob.pe\core/db.log
 <= END TRANSACTION: COMMIT
24-03-2023 01:32 AM: F:\desarrollo\srt-nuevo\vhost\server-04\srt.sutran.gob.pe\core/db.log
INI TRANSACTION =>
24-03-2023 01:32 AM: F:\desarrollo\srt-nuevo\vhost\server-04\srt.sutran.gob.pe\core/db.log
INI TRANSACTION =>
24-03-2023 01:32 AM: F:\desarrollo\srt-nuevo\vhost\server-04\srt.sutran.gob.pe\core/db.log
INI TRANSACTION =>
24-03-2023 01:32 AM: F:\desarrollo\srt-nuevo\vhost\server-04\srt.sutran.gob.pe\core/db.log
 <= END TRANSACTION: ROLLBACK
24-03-2023 01:32 AM: F:\desarrollo\srt-nuevo\vhost\server-04\srt.sutran.gob.pe\core/db.log
INI TRANSACTION =>
24-03-2023 01:33 AM: F:\desarrollo\srt-nuevo\vhost\server-04\srt.sutran.gob.pe\core/db.log
INI TRANSACTION =>
24-03-2023 01:33 AM: F:\desarrollo\srt-nuevo\vhost\server-04\srt.sutran.gob.pe\core/db.log
INI TRANSACTION =>
